-------------------------------------------------------------------------------
Test set: Mesto1Test
-------------------------------------------------------------------------------
Tests run: 2, Failures: 1, Errors: 1, Skipped: 0, Time elapsed: 2.215 s <<< FAILURE! - in Mesto1Test
likeTheFirstPhoto(Mesto1Test)  Time elapsed: 1.971 s  <<< ERROR!
java.lang.IllegalArgumentException: Cannot invoke method getAt() on null object
	at Mesto1Test.getTheFirstPhotoId(Mesto1Test.java:47)
	at Mesto1Test.likeTheFirstPhoto(Mesto1Test.java:35)
Caused by: java.lang.NullPointerException: Cannot invoke method getAt() on null object
	at Mesto1Test.getTheFirstPhotoId(Mesto1Test.java:47)
	at Mesto1Test.likeTheFirstPhoto(Mesto1Test.java:35)

addNewPhoto(Mesto1Test)  Time elapsed: 0.18 s  <<< FAILURE!
java.lang.AssertionError: 
1 expectation failed.
Expected status code <201> but was <401>.

	at Mesto1Test.addNewPhoto(Mesto1Test.java:28)

